<?xml version="1.0" encoding="UTF-8"?>
<testsuite name="AccountServiceTest" tests="1" skipped="0" failures="0" errors="0" timestamp="2022-02-18T14:25:39" hostname="X-L" time="23.383">
  <properties/>
  <testcase name="start" classname="AccountServiceTest" time="23.383"/>
  <system-out><![CDATA[?[1;31m
Start test 1?[0m

  .   ____          _            __ _ _
 /\\ / ___'_ __ _ _(_)_ __  __ _ \ \ \ \
( ( )\___ | '_ | '_| | '_ \/ _` | \ \ \ \
 \\/  ___)| |_)| | | | | || (_| |  ) ) ) )
  '  |____| .__|_| |_|_| |_\__, | / / / /
 =========|_|==============|___/=/_/_/_/
 :: Spring Boot ::        (v2.3.1.RELEASE)

2022-02-18 22:25:42.107  INFO 11272 --- [    Test worker] account.AccountServiceApplication        : Starting AccountServiceApplication on X-L with PID 11272 (started by 1 in C:\Users\xue10\IdeaProjects\Account Service\Account Service\task)
2022-02-18 22:25:42.122  INFO 11272 --- [    Test worker] account.AccountServiceApplication        : No active profile set, falling back to default profiles: default
2022-02-18 22:25:45.275  INFO 11272 --- [    Test worker] .s.d.r.c.RepositoryConfigurationDelegate : Bootstrapping Spring Data JPA repositories in DEFERRED mode.
2022-02-18 22:25:45.447  INFO 11272 --- [    Test worker] .s.d.r.c.RepositoryConfigurationDelegate : Finished Spring Data repository scanning in 148ms. Found 1 JPA repository interfaces.
2022-02-18 22:25:47.255  INFO 11272 --- [    Test worker] o.s.b.w.embedded.tomcat.TomcatWebServer  : Tomcat initialized with port(s): 28852 (http)
2022-02-18 22:25:47.287  INFO 11272 --- [    Test worker] o.apache.catalina.core.StandardService   : Starting service [Tomcat]
2022-02-18 22:25:47.287  INFO 11272 --- [    Test worker] org.apache.catalina.core.StandardEngine  : Starting Servlet engine: [Apache Tomcat/9.0.36]
2022-02-18 22:25:47.758  INFO 11272 --- [    Test worker] o.a.c.c.C.[Tomcat].[localhost].[/]       : Initializing Spring embedded WebApplicationContext
2022-02-18 22:25:47.758  INFO 11272 --- [    Test worker] w.s.c.ServletWebServerApplicationContext : Root WebApplicationContext: initialization completed in 5464 ms
2022-02-18 22:25:48.454  INFO 11272 --- [    Test worker] o.s.s.concurrent.ThreadPoolTaskExecutor  : Initializing ExecutorService 'applicationTaskExecutor'
2022-02-18 22:25:48.642  INFO 11272 --- [         task-1] o.hibernate.jpa.internal.util.LogHelper  : HHH000204: Processing PersistenceUnitInfo [name: default]
2022-02-18 22:25:48.783  WARN 11272 --- [    Test worker] JpaBaseConfiguration$JpaWebConfiguration : spring.jpa.open-in-view is enabled by default. Therefore, database queries may be performed during view rendering. Explicitly configure spring.jpa.open-in-view to disable this warning
2022-02-18 22:25:48.986  INFO 11272 --- [         task-1] org.hibernate.Version                    : HHH000412: Hibernate ORM core version 5.4.17.Final
2022-02-18 22:25:49.831  INFO 11272 --- [         task-1] o.hibernate.annotations.common.Version   : HCANN000001: Hibernate Commons Annotations {5.1.0.Final}
2022-02-18 22:25:50.417  INFO 11272 --- [         task-1] com.zaxxer.hikari.HikariDataSource       : HikariPool-1 - Starting...
2022-02-18 22:25:50.511  INFO 11272 --- [    Test worker] o.s.b.a.e.web.EndpointLinksResolver      : Exposing 14 endpoint(s) beneath base path '/actuator'
2022-02-18 22:25:50.726  INFO 11272 --- [    Test worker] o.s.s.web.DefaultSecurityFilterChain     : Creating filter chain: any request, [org.springframework.security.web.context.request.async.WebAsyncManagerIntegrationFilter@7ebaf005, org.springframework.security.web.context.SecurityContextPersistenceFilter@4509f3f8, org.springframework.security.web.header.HeaderWriterFilter@3c21cdcb, org.springframework.security.web.authentication.logout.LogoutFilter@9cb80f1, org.springframework.security.web.authentication.www.BasicAuthenticationFilter@88b75fe, org.springframework.security.web.savedrequest.RequestCacheAwareFilter@37cf62da, org.springframework.security.web.servletapi.SecurityContextHolderAwareRequestFilter@7103c446, org.springframework.security.web.authentication.AnonymousAuthenticationFilter@59db0ecd, org.springframework.security.web.session.SessionManagementFilter@3f8b1cc2, org.springframework.security.web.access.ExceptionTranslationFilter@72a4cc08, org.springframework.security.web.access.intercept.FilterSecurityInterceptor@6422c43d]
2022-02-18 22:25:51.306  INFO 11272 --- [         task-1] com.zaxxer.hikari.HikariDataSource       : HikariPool-1 - Start completed.
2022-02-18 22:25:51.479  INFO 11272 --- [         task-1] org.hibernate.dialect.Dialect            : HHH000400: Using dialect: org.hibernate.dialect.H2Dialect
2022-02-18 22:25:54.200  INFO 11272 --- [         task-1] o.h.e.t.j.p.i.JtaPlatformInitiator       : HHH000490: Using JtaPlatform implementation: [org.hibernate.engine.transaction.jta.platform.internal.NoJtaPlatform]
2022-02-18 22:25:54.247  INFO 11272 --- [         task-1] j.LocalContainerEntityManagerFactoryBean : Initialized JPA EntityManagerFactory for persistence unit 'default'
2022-02-18 22:25:54.554  INFO 11272 --- [    Test worker] o.s.b.w.embedded.tomcat.TomcatWebServer  : Tomcat started on port(s): 28852 (http) with context path ''
2022-02-18 22:25:54.556  INFO 11272 --- [    Test worker] DeferredRepositoryInitializationListener : Triggering deferred initialization of Spring Data repositories…
2022-02-18 22:25:55.423  INFO 11272 --- [    Test worker] DeferredRepositoryInitializationListener : Spring Data repositories initialized!
2022-02-18 22:25:55.439  INFO 11272 --- [    Test worker] account.AccountServiceApplication        : Started AccountServiceApplication in 14.634 seconds (JVM running for 17.579)
2022-02-18 22:25:56.378  INFO 11272 --- [io-28852-exec-1] o.a.c.c.C.[Tomcat].[localhost].[/]       : Initializing Spring DispatcherServlet 'dispatcherServlet'
2022-02-18 22:25:56.378  INFO 11272 --- [io-28852-exec-1] o.s.web.servlet.DispatcherServlet        : Initializing Servlet 'dispatcherServlet'
2022-02-18 22:25:56.409  INFO 11272 --- [io-28852-exec-1] o.s.web.servlet.DispatcherServlet        : Completed initialization in 31 ms
?[1;31m
Start test 2?[0m
?[1;31m
Start test 3?[0m
?[1;31m
Start test 4?[0m
?[1;31m
Start test 5?[0m
?[1;31m
Start test 6?[0m
?[1;31m
Start test 7?[0m
?[1;31m
Start test 8?[0m
2022-02-18 22:25:58.080  WARN 11272 --- [o-28852-exec-10] .w.s.m.s.DefaultHandlerExceptionResolver : Resolved [org.springframework.web.bind.MethodArgumentNotValidException: Validation failed for argument [0] in public account.UserOut account.AuthController.signup(account.User): [Field error in object 'user' on field 'name': rejected value []; codes [NotEmpty.user.name,NotEmpty.name,NotEmpty.java.lang.String,NotEmpty]; arguments [org.springframework.context.support.DefaultMessageSourceResolvable: codes [user.name,name]; arguments []; default message [name]]; default message [must not be empty]] ]
?[1;31m
Start test 9?[0m
2022-02-18 22:25:58.098  WARN 11272 --- [io-28852-exec-1] .w.s.m.s.DefaultHandlerExceptionResolver : Resolved [org.springframework.web.bind.MethodArgumentNotValidException: Validation failed for argument [0] in public account.UserOut account.AuthController.signup(account.User): [Field error in object 'user' on field 'name': rejected value [null]; codes [NotEmpty.user.name,NotEmpty.name,NotEmpty.java.lang.String,NotEmpty]; arguments [org.springframework.context.support.DefaultMessageSourceResolvable: codes [user.name,name]; arguments []; default message [name]]; default message [must not be empty]] ]
?[1;31m
Start test 10?[0m
2022-02-18 22:25:58.120  WARN 11272 --- [io-28852-exec-2] .w.s.m.s.DefaultHandlerExceptionResolver : Resolved [org.springframework.web.bind.MethodArgumentNotValidException: Validation failed for argument [0] in public account.UserOut account.AuthController.signup(account.User): [Field error in object 'user' on field 'lastname': rejected value []; codes [NotEmpty.user.lastname,NotEmpty.lastname,NotEmpty.java.lang.String,NotEmpty]; arguments [org.springframework.context.support.DefaultMessageSourceResolvable: codes [user.lastname,lastname]; arguments []; default message [lastname]]; default message [must not be empty]] ]
?[1;31m
Start test 11?[0m
2022-02-18 22:25:58.139  WARN 11272 --- [io-28852-exec-3] .w.s.m.s.DefaultHandlerExceptionResolver : Resolved [org.springframework.web.bind.MethodArgumentNotValidException: Validation failed for argument [0] in public account.UserOut account.AuthController.signup(account.User): [Field error in object 'user' on field 'lastname': rejected value [null]; codes [NotEmpty.user.lastname,NotEmpty.lastname,NotEmpty.java.lang.String,NotEmpty]; arguments [org.springframework.context.support.DefaultMessageSourceResolvable: codes [user.lastname,lastname]; arguments []; default message [lastname]]; default message [must not be empty]] ]
?[1;31m
Start test 12?[0m
2022-02-18 22:25:58.174  WARN 11272 --- [io-28852-exec-4] .w.s.m.s.DefaultHandlerExceptionResolver : Resolved [org.springframework.web.bind.MethodArgumentNotValidException: Validation failed for argument [0] in public account.UserOut account.AuthController.signup(account.User) with 2 errors: [Field error in object 'user' on field 'email': rejected value []; codes [NotEmpty.user.email,NotEmpty.email,NotEmpty.java.lang.String,NotEmpty]; arguments [org.springframework.context.support.DefaultMessageSourceResolvable: codes [user.email,email]; arguments []; default message [email]]; default message [must not be empty]] [Field error in object 'user' on field 'email': rejected value []; codes [Pattern.user.email,Pattern.email,Pattern.java.lang.String,Pattern]; arguments [org.springframework.context.support.DefaultMessageSourceResolvable: codes [user.email,email]; arguments []; default message [email],[Ljavax.validation.constraints.Pattern$Flag;@62192cdb,.+@acme.com$]; default message [must match ".+@acme.com$"]] ]
?[1;31m
Start test 13?[0m
2022-02-18 22:25:58.188  WARN 11272 --- [io-28852-exec-5] .w.s.m.s.DefaultHandlerExceptionResolver : Resolved [org.springframework.web.bind.MethodArgumentNotValidException: Validation failed for argument [0] in public account.UserOut account.AuthController.signup(account.User): [Field error in object 'user' on field 'lastname': rejected value [null]; codes [NotEmpty.user.lastname,NotEmpty.lastname,NotEmpty.java.lang.String,NotEmpty]; arguments [org.springframework.context.support.DefaultMessageSourceResolvable: codes [user.lastname,lastname]; arguments []; default message [lastname]]; default message [must not be empty]] ]
?[1;31m
Start test 14?[0m
2022-02-18 22:25:58.206  WARN 11272 --- [io-28852-exec-6] .w.s.m.s.DefaultHandlerExceptionResolver : Resolved [org.springframework.web.bind.MethodArgumentNotValidException: Validation failed for argument [0] in public account.UserOut account.AuthController.signup(account.User): [Field error in object 'user' on field 'password': rejected value []; codes [NotEmpty.user.password,NotEmpty.password,NotEmpty.java.lang.String,NotEmpty]; arguments [org.springframework.context.support.DefaultMessageSourceResolvable: codes [user.password,password]; arguments []; default message [password]]; default message [must not be empty]] ]
?[1;31m
Start test 15?[0m
2022-02-18 22:25:58.227  WARN 11272 --- [io-28852-exec-7] .w.s.m.s.DefaultHandlerExceptionResolver : Resolved [org.springframework.web.bind.MethodArgumentNotValidException: Validation failed for argument [0] in public account.UserOut account.AuthController.signup(account.User): [Field error in object 'user' on field 'password': rejected value [null]; codes [NotEmpty.user.password,NotEmpty.password,NotEmpty.java.lang.String,NotEmpty]; arguments [org.springframework.context.support.DefaultMessageSourceResolvable: codes [user.password,password]; arguments []; default message [password]]; default message [must not be empty]] ]
?[1;31m
Start test 16?[0m
2022-02-18 22:25:58.245  WARN 11272 --- [io-28852-exec-8] .w.s.m.s.DefaultHandlerExceptionResolver : Resolved [org.springframework.web.bind.MethodArgumentNotValidException: Validation failed for argument [0] in public account.UserOut account.AuthController.signup(account.User): [Field error in object 'user' on field 'email': rejected value [johndoeacme.com]; codes [Pattern.user.email,Pattern.email,Pattern.java.lang.String,Pattern]; arguments [org.springframework.context.support.DefaultMessageSourceResolvable: codes [user.email,email]; arguments []; default message [email],[Ljavax.validation.constraints.Pattern$Flag;@62192cdb,.+@acme.com$]; default message [must match ".+@acme.com$"]] ]
?[1;31m
Start test 17?[0m
2022-02-18 22:25:58.265  WARN 11272 --- [io-28852-exec-9] .w.s.m.s.DefaultHandlerExceptionResolver : Resolved [org.springframework.web.bind.MethodArgumentNotValidException: Validation failed for argument [0] in public account.UserOut account.AuthController.signup(account.User): [Field error in object 'user' on field 'email': rejected value [johndoe@google.com]; codes [Pattern.user.email,Pattern.email,Pattern.java.lang.String,Pattern]; arguments [org.springframework.context.support.DefaultMessageSourceResolvable: codes [user.email,email]; arguments []; default message [email],[Ljavax.validation.constraints.Pattern$Flag;@62192cdb,.+@acme.com$]; default message [must match ".+@acme.com$"]] ]
?[1;31m
Start test 18?[0m
?[1;31m
Start test 19?[0m
?[1;31m
Start test 20?[0m
?[1;31m
Start test 21?[0m
?[1;31m
Start test 22?[0m
?[1;31m
Start test 23?[0m
?[1;31m
Start test 24?[0m
?[1;31m
Start test 25?[0m
?[1;31m
Start test 26?[0m
?[1;31m
Start test 27?[0m
?[1;31m
Start test 28?[0m
2022-02-18 22:26:00.265  INFO 11272 --- [     Thread-335] j.LocalContainerEntityManagerFactoryBean : Closing JPA EntityManagerFactory for persistence unit 'default'
2022-02-18 22:26:00.265  INFO 11272 --- [     Thread-335] o.s.s.concurrent.ThreadPoolTaskExecutor  : Shutting down ExecutorService 'applicationTaskExecutor'
2022-02-18 22:26:00.281  INFO 11272 --- [     Thread-335] com.zaxxer.hikari.HikariDataSource       : HikariPool-1 - Shutdown initiated...
2022-02-18 22:26:00.296  INFO 11272 --- [     Thread-335] com.zaxxer.hikari.HikariDataSource       : HikariPool-1 - Shutdown completed.

  .   ____          _            __ _ _
 /\\ / ___'_ __ _ _(_)_ __  __ _ \ \ \ \
( ( )\___ | '_ | '_| | '_ \/ _` | \ \ \ \
 \\/  ___)| |_)| | | | | || (_| |  ) ) ) )
  '  |____| .__|_| |_|_| |_\__, | / / / /
 =========|_|==============|___/=/_/_/_/
 :: Spring Boot ::        (v2.3.1.RELEASE)

2022-02-18 22:26:00.437  INFO 11272 --- [    Test worker] account.AccountServiceApplication        : Starting AccountServiceApplication on X-L with PID 11272 (started by 1 in C:\Users\xue10\IdeaProjects\Account Service\Account Service\task)
2022-02-18 22:26:00.437  INFO 11272 --- [    Test worker] account.AccountServiceApplication        : No active profile set, falling back to default profiles: default
2022-02-18 22:26:01.588  INFO 11272 --- [    Test worker] .s.d.r.c.RepositoryConfigurationDelegate : Bootstrapping Spring Data JPA repositories in DEFERRED mode.
2022-02-18 22:26:01.635  INFO 11272 --- [    Test worker] .s.d.r.c.RepositoryConfigurationDelegate : Finished Spring Data repository scanning in 42ms. Found 1 JPA repository interfaces.
2022-02-18 22:26:01.854  INFO 11272 --- [    Test worker] o.s.b.w.embedded.tomcat.TomcatWebServer  : Tomcat initialized with port(s): 28852 (http)
2022-02-18 22:26:01.854  INFO 11272 --- [    Test worker] o.apache.catalina.core.StandardService   : Starting service [Tomcat]
2022-02-18 22:26:01.854  INFO 11272 --- [    Test worker] org.apache.catalina.core.StandardEngine  : Starting Servlet engine: [Apache Tomcat/9.0.36]
2022-02-18 22:26:02.041  INFO 11272 --- [    Test worker] o.a.c.c.C.[Tomcat].[localhost].[/]       : Initializing Spring embedded WebApplicationContext
2022-02-18 22:26:02.041  INFO 11272 --- [    Test worker] w.s.c.ServletWebServerApplicationContext : Root WebApplicationContext: initialization completed in 1588 ms
2022-02-18 22:26:02.184  INFO 11272 --- [    Test worker] o.s.s.concurrent.ThreadPoolTaskExecutor  : Initializing ExecutorService 'applicationTaskExecutor'
2022-02-18 22:26:02.199  INFO 11272 --- [         task-1] o.hibernate.jpa.internal.util.LogHelper  : HHH000204: Processing PersistenceUnitInfo [name: default]
2022-02-18 22:26:02.262  INFO 11272 --- [         task-1] com.zaxxer.hikari.HikariDataSource       : HikariPool-2 - Starting...
2022-02-18 22:26:02.293  INFO 11272 --- [         task-1] com.zaxxer.hikari.HikariDataSource       : HikariPool-2 - Start completed.
2022-02-18 22:26:02.293  INFO 11272 --- [         task-1] org.hibernate.dialect.Dialect            : HHH000400: Using dialect: org.hibernate.dialect.H2Dialect
2022-02-18 22:26:02.293  WARN 11272 --- [    Test worker] JpaBaseConfiguration$JpaWebConfiguration : spring.jpa.open-in-view is enabled by default. Therefore, database queries may be performed during view rendering. Explicitly configure spring.jpa.open-in-view to disable this warning
2022-02-18 22:26:02.481  INFO 11272 --- [         task-1] o.h.e.t.j.p.i.JtaPlatformInitiator       : HHH000490: Using JtaPlatform implementation: [org.hibernate.engine.transaction.jta.platform.internal.NoJtaPlatform]
2022-02-18 22:26:02.481  INFO 11272 --- [         task-1] j.LocalContainerEntityManagerFactoryBean : Initialized JPA EntityManagerFactory for persistence unit 'default'
2022-02-18 22:26:02.638  INFO 11272 --- [    Test worker] o.s.b.a.e.web.EndpointLinksResolver      : Exposing 14 endpoint(s) beneath base path '/actuator'
2022-02-18 22:26:02.653  INFO 11272 --- [    Test worker] o.s.s.web.DefaultSecurityFilterChain     : Creating filter chain: any request, [org.springframework.security.web.context.request.async.WebAsyncManagerIntegrationFilter@2500960c, org.springframework.security.web.context.SecurityContextPersistenceFilter@5165f037, org.springframework.security.web.header.HeaderWriterFilter@62514e96, org.springframework.security.web.authentication.logout.LogoutFilter@3ec8fdfb, org.springframework.security.web.authentication.www.BasicAuthenticationFilter@4847ae45, org.springframework.security.web.savedrequest.RequestCacheAwareFilter@4917fdca, org.springframework.security.web.servletapi.SecurityContextHolderAwareRequestFilter@215a3f80, org.springframework.security.web.authentication.AnonymousAuthenticationFilter@51c36985, org.springframework.security.web.session.SessionManagementFilter@42347bbe, org.springframework.security.web.access.ExceptionTranslationFilter@20871dac, org.springframework.security.web.access.intercept.FilterSecurityInterceptor@5e3ff112]
2022-02-18 22:26:02.794  INFO 11272 --- [    Test worker] o.s.b.w.embedded.tomcat.TomcatWebServer  : Tomcat started on port(s): 28852 (http) with context path ''
2022-02-18 22:26:02.794  INFO 11272 --- [    Test worker] DeferredRepositoryInitializationListener : Triggering deferred initialization of Spring Data repositories…
2022-02-18 22:26:02.872  INFO 11272 --- [    Test worker] DeferredRepositoryInitializationListener : Spring Data repositories initialized!
2022-02-18 22:26:02.872  INFO 11272 --- [    Test worker] account.AccountServiceApplication        : Started AccountServiceApplication in 2.56 seconds (JVM running for 25.017)
?[1;31m
Start test 29?[0m
2022-02-18 22:26:02.888  INFO 11272 --- [io-28852-exec-1] o.a.c.c.C.[Tomcat].[localhost].[/]       : Initializing Spring DispatcherServlet 'dispatcherServlet'
2022-02-18 22:26:02.888  INFO 11272 --- [io-28852-exec-1] o.s.web.servlet.DispatcherServlet        : Initializing Servlet 'dispatcherServlet'
2022-02-18 22:26:02.888  INFO 11272 --- [io-28852-exec-1] o.s.web.servlet.DispatcherServlet        : Completed initialization in 0 ms
]]></system-out>
  <system-err><![CDATA[]]></system-err>
</testsuite>
